
# Writing CDS data to: /home/aglucaci/AOC-Nup214/results/Craniata/Codons.fa
# Match: NM_005085.4 Homo sapiens nucleoporin 214 (NUP214), transcript variant 2, mRNA 

# Match: NM_001408097.1 Mus musculus nucleoporin 214 (Nup214), transcript variant 2, mRNA 

# Match: NM_001168559.1 Rattus norvegicus nucleoporin 214 (Nup214), mRNA 

# Match: XM_040649366.2 PREDICTED: Gallus gallus nucleoporin 214 (NUP214), transcript variant X1, mRNA 

# Match: XM_016961887.3 PREDICTED: Pan troglodytes nucleoporin 214 (NUP214), transcript variant X1, mRNA 

# Match: XM_038678260.1 PREDICTED: Canis lupus familiaris nucleoporin 214 (NUP214), transcript variant X1, mRNA 

# Match: XM_015116545.2 PREDICTED: Macaca mulatta nucleoporin 214 (NUP214), transcript variant X1, mRNA 

# Match: XM_005213418.4 PREDICTED: Bos taurus nucleoporin 214 (NUP214), transcript variant X1, mRNA 

# Match: XM_007475163.2 PREDICTED: Monodelphis domestica nucleoporin 214kDa (NUP214), transcript variant X1, mRNA 

# Skipping this sequence due to quality issues XP_023485320.1 LOW QUALITY PROTEIN: nuclear pore complex protein Nup214 [Equus caballus]
# Match: XM_023629552.1 PREDICTED: Equus caballus nucleoporin 214 (NUP214), mRNA 

# Match: XM_029062477.2 PREDICTED: Ornithorhynchus anatinus nucleoporin 214 (NUP214), transcript variant X1, mRNA 

# Match: XM_002936191.5 PREDICTED: Xenopus tropicalis nucleoporin 214 (nup214), transcript variant X1, mRNA 

# Match: XM_005660529.3 PREDICTED: Sus scrofa nucleoporin 214 (NUP214), transcript variant X2, mRNA 

# Match: XM_012578331.4 PREDICTED: Taeniopygia guttata nucleoporin 214 (NUP214), transcript variant X1, mRNA 

# Match: XM_008249052.3 PREDICTED: Oryctolagus cuniculus nucleoporin 214 (NUP214), transcript variant X1, mRNA 

# Match: XM_035260640.2 PREDICTED: Callithrix jacchus nucleoporin 214 (NUP214), transcript variant X1, mRNA 

# Match: XM_024252122.2 PREDICTED: Pongo abelii nucleoporin 214 (NUP214), transcript variant X6, mRNA 

# Match: XM_017356400.2 PREDICTED: Danio rerio nucleoporin 214 (nup214), mRNA 

# Match: XM_010720905.3 PREDICTED: Meleagris gallopavo nucleoporin 214 (NUP214), transcript variant X1, mRNA 

# Match: XM_030818049.1 PREDICTED: Nomascus leucogenys nucleoporin 214 (NUP214), transcript variant X1, mRNA 

# Match: XM_010587555.2 PREDICTED: Loxodonta africana nucleoporin 214 (NUP214), transcript variant X1, mRNA 

# Match: XM_005459466.4 PREDICTED: Oreochromis niloticus nucleoporin 214 (nup214), transcript variant X1, mRNA 

# Match: XM_013153255.2 PREDICTED: Cavia porcellus nucleoporin 214 (Nup214), mRNA 

# Match: XM_007653290.4 PREDICTED: Cricetulus griseus nucleoporin 214 (Nup214), transcript variant X1, mRNA 

# Match: XM_031954852.1 PREDICTED: Sarcophilus harrisii nucleoporin 214 (NUP214), transcript variant X1, mRNA 

# Match: XM_023516114.1 PREDICTED: Otolemur garnettii nucleoporin 214 (NUP214), transcript variant X1, mRNA 

# Match: XM_003822383.5 PREDICTED: Pan paniscus nucleoporin 214 (NUP214), transcript variant X2, mRNA 

# Match: XM_031654644.1 PREDICTED: Papio anubis nucleoporin 214 (NUP214), transcript variant X1, mRNA 

# Match: XM_010341412.1 PREDICTED: Saimiri boliviensis boliviensis nucleoporin 214 (NUP214), transcript variant X1, mRNA 

# Match: XM_011604539.2 PREDICTED: Takifugu rubripes nucleoporin 214 (nup214), mRNA 

# Match: XM_023242861.2 PREDICTED: Felis catus nucleoporin 214 (NUP214), transcript variant X2, mRNA 

# Match: XM_012161056.4 PREDICTED: Ovis aries nucleoporin 214 (NUP214), transcript variant X1, mRNA 

# Match: XM_031007714.2 PREDICTED: Gorilla gorilla gorilla nucleoporin 214 (NUP214), transcript variant X1, mRNA 

# Match: XM_011481722.3 PREDICTED: Oryzias latipes nucleoporin 214 (nup214), transcript variant X1, mRNA 

# Match: XM_033426936.2 PREDICTED: Orcinus orca nucleoporin 214 (NUP214), transcript variant X1, mRNA 

# Match: XM_019920186.2 PREDICTED: Tursiops truncatus nucleoporin 214 (NUP214), transcript variant X1, mRNA 

# Match: XM_023730817.1 PREDICTED: Trichechus manatus latirostris nucleoporin 214 (LOC101342921), mRNA 

# Match: XM_004392451.2 PREDICTED: Odobenus rosmarus divergens nucleoporin 214kDa (NUP214), mRNA 

# Match: XM_014781963.1 PREDICTED: Ceratotherium simum simum nucleoporin 214kDa (LOC101389514), mRNA 

# Match: XM_004468030.2 PREDICTED: Dasypus novemcinctus nucleoporin 214 (NUP214), transcript variant X1, mRNA 

# Match: XM_004549585.4 PREDICTED: Maylandia zebra nucleoporin 214 (nup214), transcript variant X1, mRNA 

# Match: XM_004593681.1 PREDICTED: Ochotona princeps nucleoporin 214 (NUP214), mRNA 

# Match: XM_055140152.1 PREDICTED: Sorex araneus nucleoporin 214 (NUP214), mRNA 

# Match: XM_023700311.1 PREDICTED: Octodon degus nucleoporin 214 (Nup214), transcript variant X1, mRNA 

# Match: XM_045149901.1 PREDICTED: Jaculus jaculus nucleoporin 214 (Nup214), transcript variant X1, mRNA 

# Match: XM_012721410.1 PREDICTED: Condylura cristata nucleoporin 214kDa (NUP214), transcript variant X1, mRNA 

# Match: XM_045288498.1 PREDICTED: Echinops telfairi nucleoporin 214 (NUP214), transcript variant X1, mRNA 

# Match: XM_013058628.2 PREDICTED: Mustela putorius furo nucleoporin 214 (NUP214), transcript variant X1, mRNA 

# Match: XM_004849095.3 PREDICTED: Heterocephalus glaber nucleoporin 214 (Nup214), transcript variant X1, mRNA 

# Match: XM_038188009.1 PREDICTED: Anas platyrhynchos nucleoporin 214 (NUP214), transcript variant X1, mRNA 

# Match: XM_005055573.2 PREDICTED: Ficedula albicollis nucleoporin 214kDa (NUP214), mRNA 

# Match: XM_013126431.3 PREDICTED: Mesocricetus auratus nucleoporin 214 (Nup214), transcript variant X1, mRNA 

# Match: XM_005580615.3 PREDICTED: Macaca fascicularis nucleoporin 214 (NUP214), transcript variant X3, mRNA 

# Match: XM_034067458.1 PREDICTED: Melopsittacus undulatus nucleoporin 214 (LOC101879356), transcript variant X1, mRNA 

# Match: XM_005231203.4 PREDICTED: Falco peregrinus nucleoporin 214 (NUP214), transcript variant X1, mRNA 

# Match: XM_008169152.3 PREDICTED: Chrysemys picta bellii nucleoporin 214 (NUP214), transcript variant X1, mRNA 

# Match: XM_013356741.3 PREDICTED: Ictidomys tridecemlineatus nucleoporin 214 (Nup214), transcript variant X3, mRNA 

# Match: XM_005346089.3 PREDICTED: Microtus ochrogaster nucleoporin 214 (Nup214), transcript variant X1, mRNA 

# Match: XM_005408354.2 PREDICTED: Chinchilla lanigera nucleoporin 214kDa (Nup214), transcript variant X1, mRNA 

# Match: XM_014307122.1 PREDICTED: Geospiza fortis nucleoporin 214 (NUP214), mRNA 

# Match: XM_055720404.1 PREDICTED: Falco cherrug nucleoporin 214 (NUP214), transcript variant X1, mRNA 

# Match: XM_005495229.3 PREDICTED: Zonotrichia albicollis nucleoporin 214 (NUP214), transcript variant X1, mRNA 

# Skipping this sequence due to quality issues XP_013226066.1 LOW QUALITY PROTEIN: nuclear pore complex protein Nup214 [Columba livia]
# Match: XM_013370612.2 PREDICTED: Columba livia nucleoporin 214 (NUP214), mRNA 

# Match: XM_005527285.2 PREDICTED: Pseudopodoces humilis nucleoporin 214kDa (NUP214), mRNA 

# Match: XM_018055995.1 PREDICTED: Capra hircus nucleoporin 214 (NUP214), transcript variant X1, mRNA 

# Match: XM_013909135.1 PREDICTED: Pundamilia nyererei nucleoporin 214kDa (nup214), mRNA 

# Match: XM_023338115.1 PREDICTED: Xiphophorus maculatus nucleoporin 214 (nup214), transcript variant X1, mRNA 

# Match: XM_014529882.1 PREDICTED: Myotis brandtii nucleoporin 214kDa (NUP214), transcript variant X1, mRNA 

# Match: XM_005902770.2 PREDICTED: Bos mutus nucleoporin 214kDa (NUP214), mRNA 

# Match: XM_014485361.1 PREDICTED: Latimeria chalumnae nucleoporin 214kDa (NUP214), mRNA 

# Match: XM_025261864.3 PREDICTED: Bubalus bubalis nucleoporin 214 (NUP214), transcript variant X1, mRNA 

# Skipping this sequence due to quality issues XP_023602499.1 LOW QUALITY PROTEIN: nuclear pore complex protein Nup214 [Myotis lucifugus]
# Match: XM_023746731.1 PREDICTED: Myotis lucifugus nucleoporin 214 (NUP214), mRNA 

# Match: XM_006128397.2 PREDICTED: Pelodiscus sinensis nucleoporin 214 (NUP214), transcript variant X1, mRNA 

# Match: XM_006164333.3 PREDICTED: Tupaia chinensis nucleoporin 214 (NUP214), transcript variant X3, mRNA 

# Match: XM_032478678.1 PREDICTED: Camelus ferus nucleoporin 214 (NUP214), transcript variant X1, mRNA 

# Match: XM_015249818.2 PREDICTED: Vicugna pacos nucleoporin 214 (NUP214), transcript variant X1, mRNA 

# Match: XM_006260013.3 PREDICTED: Alligator mississippiensis nucleoporin 214 (NUP214), transcript variant X1, mRNA 

# Match: XM_015367229.1 PREDICTED: Lepisosteus oculatus nucleoporin 214kDa (nup214), transcript variant X1, mRNA 

# Match: XM_015567742.1 PREDICTED: Myotis davidii nucleoporin 214kDa (NUP214), mRNA 

# Match: XM_035906921.1 PREDICTED: Neolamprologus brichardi nucleoporin 214 (nup214), transcript variant X1, mRNA 

# Match: XM_006834991.1 PREDICTED: Chrysochloris asiatica nucleoporin 214kDa (NUP214), mRNA 

# Match: XM_006892442.1 PREDICTED: Elephantulus edwardii nucleoporin 214kDa (NUP214), mRNA 

# Match: XM_015594231.2 PREDICTED: Pteropus alecto nucleoporin 214 (NUP214), transcript variant X1, mRNA 

# Match: XM_042274920.1 PREDICTED: Peromyscus maniculatus bairdii nucleoporin 214 (Nup214), transcript variant X1, mRNA 

# Match: XM_007061048.4 PREDICTED: Chelonia mydas nucleoporin 214 (NUP214), transcript variant X2, mRNA 

# Skipping this sequence due to quality issues XP_042820753.1 LOW QUALITY PROTEIN: nuclear pore complex protein Nup214 [Panthera tigris]
# Match: XM_042964819.1 PREDICTED: Panthera tigris nucleoporin 214 (NUP214), mRNA 

# Match: XM_007115568.4 PREDICTED: Physeter catodon nucleoporin 214 (NUP214), transcript variant X1, mRNA 

# Skipping this sequence due to quality issues XP_007194836.1 LOW QUALITY PROTEIN: nuclear pore complex protein Nup214 [Balaenoptera acutorostrata scammoni]
# Match: XM_007194774.2 PREDICTED: Balaenoptera acutorostrata scammoni nucleoporin 214 (NUP214), mRNA 

# Match: XM_049465800.1 PREDICTED: Astyanax mexicanus nucleoporin 214 (nup214), transcript variant X1, mRNA 

# Match: XM_007422313.3 PREDICTED: Python bivittatus nucleoporin 214 (NUP214), transcript variant X1, mRNA 

# Match: XM_007453124.1 PREDICTED: Lipotes vexillifer nucleoporin 214kDa (NUP214), mRNA 

# Match: XM_016191385.1 PREDICTED: Erinaceus europaeus nucleoporin 214kDa (NUP214), mRNA 

# Match: XM_016674732.1 PREDICTED: Poecilia formosa nucleoporin 214kDa (nup214), mRNA 

# Match: XM_007900373.2 PREDICTED: Callorhinchus milii nucleoporin 214 (nup214), mRNA 

# Match: XM_042781459.1 PREDICTED: Orycteropus afer afer nucleoporin 214 (NUP214), mRNA 

# Match: XM_008005906.2 PREDICTED: Chlorocebus sabaeus nucleoporin 214 (NUP214), transcript variant X1, mRNA 

# Match: XM_008057451.2 PREDICTED: Carlito syrichta nucleoporin 214 (NUP214), mRNA 

# Match: XM_028127069.2 PREDICTED: Eptesicus fuscus nucleoporin 214 (NUP214), mRNA 

# Match: XM_008285570.1 PREDICTED: Stegastes partitus nucleoporin 214kDa (nup214), transcript variant X1, mRNA 

# Match: XM_008325965.3 PREDICTED: Cynoglossus semilaevis nucleoporin 214 (nup214), transcript variant X1, mRNA 

# Match: XM_008424408.2 PREDICTED: Poecilia reticulata nucleoporin 214 (nup214), transcript variant X1, mRNA 

# Match: XM_030461305.1 PREDICTED: Calypte anna nucleoporin 214 (NUP214), transcript variant X2, mRNA 

# Match: XM_008535420.1 PREDICTED: Equus przewalskii nucleoporin 214kDa (NUP214), transcript variant X1, mRNA 

# Match: XM_008583206.1 PREDICTED: Galeopterus variegatus nucleoporin 214kDa (NUP214), transcript variant X2, mRNA 

# Match: XM_017745507.1 PREDICTED: Corvus brachyrhynchos nucleoporin 214 (NUP214), transcript variant X1, mRNA 

# Match: XM_040632079.1 PREDICTED: Ursus maritimus nucleoporin 214 (NUP214), transcript variant X1, mRNA 

# Match: XM_008825660.3 PREDICTED: Nannospalax galili nucleoporin 214 (Nup214), transcript variant X1, mRNA 

# Match: XM_018074190.3 PREDICTED: Manacus vitellinus nucleoporin 214 (NUP214), transcript variant X1, mRNA 

# Skipping this sequence due to quality issues XP_008933547.1 PREDICTED: LOW QUALITY PROTEIN: nuclear pore complex protein Nup214, partial [Merops nubicus]
# Skipping this sequence due to quality issues XP_008933547.1 PREDICTED: LOW QUALITY PROTEIN: nuclear pore complex protein Nup214, partial [Merops nubicus]
# Match: XM_008935299.1 PREDICTED: Merops nubicus nucleoporin 214kDa (NUP214), partial mRNA 

# Match: XM_009077434.1 PREDICTED: Acanthisitta chloris nucleoporin 214kDa (NUP214), mRNA 

# Match: XM_009093413.4 PREDICTED: Serinus canaria nucleoporin 214 (NUP214), transcript variant X1, mRNA 

# Match: XM_009287021.1 PREDICTED: Aptenodytes forsteri nucleoporin 214 (NUP214), mRNA 

# Match: XM_009322178.1 PREDICTED: Pygoscelis adeliae nucleoporin 214kDa (NUP214), mRNA 

# Match: XM_009477078.1 PREDICTED: Nipponia nippon nucleoporin 214kDa (NUP214), mRNA 

# Skipping this sequence due to quality issues XP_009480913.1 PREDICTED: nuclear pore complex protein Nup214, partial [Pelecanus crispus]
# Match: XM_009482638.1 PREDICTED: Pelecanus crispus nucleoporin 214kDa (NUP214), partial mRNA 

# Skipping this sequence due to quality issues XP_009506803.1 PREDICTED: LOW QUALITY PROTEIN: nuclear pore complex protein Nup214, partial [Phalacrocorax carbo]
# Skipping this sequence due to quality issues XP_009506803.1 PREDICTED: LOW QUALITY PROTEIN: nuclear pore complex protein Nup214, partial [Phalacrocorax carbo]
# Match: XM_009508508.1 PREDICTED: Phalacrocorax carbo nucleoporin 214kDa (NUP214), partial mRNA 

# Match: XM_054084299.1 PREDICTED: Cuculus canorus nucleoporin 214 (NUP214), transcript variant X1, mRNA 

# Skipping this sequence due to quality issues XP_009584920.1 PREDICTED: nuclear pore complex protein Nup214, partial [Fulmarus glacialis]
# Match: XM_009586625.1 PREDICTED: Fulmarus glacialis nucleoporin 214kDa (NUP214), partial mRNA 

# Match: XM_035898240.1 PREDICTED: Egretta garzetta nucleoporin 214 (NUP214), mRNA 

# Match: XM_009665832.1 PREDICTED: Struthio camelus australis nucleoporin 214kDa (NUP214), mRNA 

# Skipping this sequence due to quality issues XP_009695574.1 PREDICTED: nuclear pore complex protein Nup214, partial [Cariama cristata]
# Match: XM_009697272.1 PREDICTED: Cariama cristata nucleoporin 214kDa (NUP214), partial mRNA 

# Skipping this sequence due to quality issues XP_009810289.1 PREDICTED: nuclear pore complex protein Nup214, partial [Gavia stellata]
# Match: XM_009811987.1 PREDICTED: Gavia stellata nucleoporin 214kDa (NUP214), partial mRNA 

# Skipping this sequence due to quality issues XP_009873188.1 PREDICTED: nuclear pore complex protein Nup214, partial [Apaloderma vittatum]
# Match: XM_009874886.1 PREDICTED: Apaloderma vittatum nucleoporin 214kDa (NUP214), partial mRNA 

# Match: XM_009892306.1 PREDICTED: Charadrius vociferus nucleoporin 214kDa (NUP214), mRNA 

# Match: XM_054174325.1 PREDICTED: Dryobates pubescens nucleoporin 214 (NUP214), mRNA 

# Skipping this sequence due to quality issues XP_009917153.1 PREDICTED: nuclear pore complex protein Nup214, partial [Haliaeetus albicilla]
# Match: XM_009918851.1 PREDICTED: Haliaeetus albicilla nucleoporin 214kDa (NUP214), partial mRNA 

# Skipping this sequence due to quality issues XP_009933174.1 PREDICTED: LOW QUALITY PROTEIN: nuclear pore complex protein Nup214 [Opisthocomus hoazin]
# Match: XM_009934872.1 PREDICTED: Opisthocomus hoazin nucleoporin 214kDa (NUP214), mRNA 

# Skipping this sequence due to quality issues XP_009949287.1 PREDICTED: LOW QUALITY PROTEIN: nuclear pore complex protein Nup214, partial [Leptosomus discolor]
# Skipping this sequence due to quality issues XP_009949287.1 PREDICTED: LOW QUALITY PROTEIN: nuclear pore complex protein Nup214, partial [Leptosomus discolor]
# Match: XM_009950985.1 PREDICTED: Leptosomus discolor nucleoporin 214kDa (NUP214), partial mRNA 

# Match: XM_033012037.2 PREDICTED: Tyto alba nucleoporin 214 (NUP214), transcript variant X1, mRNA 

# Skipping this sequence due to quality issues XP_009977135.1 PREDICTED: nuclear pore complex protein Nup214, partial [Tauraco erythrolophus]
# Match: XM_009978833.1 PREDICTED: Tauraco erythrolophus nucleoporin 214kDa (NUP214), partial mRNA 

# Match: XM_009998983.1 PREDICTED: Chaetura pelagica nucleoporin 214kDa (NUP214), mRNA 

# Skipping this sequence due to quality issues XP_010009296.1 PREDICTED: LOW QUALITY PROTEIN: nuclear pore complex protein Nup214, partial [Nestor notabilis]
# Skipping this sequence due to quality issues XP_010009296.1 PREDICTED: LOW QUALITY PROTEIN: nuclear pore complex protein Nup214, partial [Nestor notabilis]
# Match: XM_010010994.1 PREDICTED: Nestor notabilis nucleoporin 214kDa (NUP214), partial mRNA 

# Skipping this sequence due to quality issues XP_010071510.1 PREDICTED: nuclear pore complex protein Nup214, partial [Pterocles gutturalis]
# Match: XM_010073208.1 PREDICTED: Pterocles gutturalis nucleoporin 214kDa (NUP214), partial mRNA 

# Skipping this sequence due to quality issues XP_010135883.1 PREDICTED: nuclear pore complex protein Nup214, partial [Buceros rhinoceros silvestris]
# Match: XM_010137581.1 PREDICTED: Buceros rhinoceros silvestris nucleoporin 214kDa (NUP214), partial mRNA 

# Skipping this sequence due to quality issues XP_010157597.1 PREDICTED: nuclear pore complex protein Nup214, partial [Eurypyga helias]
# Match: XM_010159295.1 PREDICTED: Eurypyga helias nucleoporin 214kDa (NUP214), partial mRNA 

# Skipping this sequence due to quality issues XP_028940712.1 nuclear pore complex protein Nup214, partial [Antrostomus carolinensis]
# Match: XM_029084879.1 PREDICTED: Antrostomus carolinensis nucleoporin 214 (NUP214), partial mRNA 

# Skipping this sequence due to quality issues XP_010181139.1 PREDICTED: nuclear pore complex protein Nup214, partial [Mesitornis unicolor]
# Match: XM_010182837.1 PREDICTED: Mesitornis unicolor nucleoporin 214kDa (NUP214), partial mRNA 

# Skipping this sequence due to quality issues XP_010206216.1 PREDICTED: nuclear pore complex protein Nup214, partial [Colius striatus]
# Match: XM_010207914.1 PREDICTED: Colius striatus nucleoporin 214kDa (NUP214), partial mRNA 

# Match: XM_010212920.1 PREDICTED: Tinamus guttatus nucleoporin 214kDa (NUP214), mRNA 

# Match: XM_010289831.1 PREDICTED: Phaethon lepturus nucleoporin 214kDa (NUP214), mRNA 

# Skipping this sequence due to quality issues XP_010308170.1 PREDICTED: nuclear pore complex protein Nup214, partial [Balearica regulorum gibbericeps]
# Match: XM_010309868.1 PREDICTED: Balearica regulorum gibbericeps nucleoporin 214kDa (NUP214), partial mRNA 

# Match: XM_030919316.1 PREDICTED: Rhinopithecus roxellana nucleoporin 214 (NUP214), transcript variant X1, mRNA 

# Match: XM_039561673.1 PREDICTED: Corvus cornix cornix nucleoporin 214 (NUP214), transcript variant X1, mRNA 

# Match: XM_010570899.1 PREDICTED: Haliaeetus leucocephalus nucleoporin 214kDa (NUP214), transcript variant X1, mRNA 

# Match: XM_010627377.2 PREDICTED: Fukomys damarensis nucleoporin 214 (Nup214), transcript variant X1, mRNA 

# Match: XM_019276277.2 PREDICTED: Larimichthys crocea nucleoporin 214 (nup214), transcript variant X1, mRNA 

# Match: XM_010776956.1 PREDICTED: Notothenia coriiceps nucleoporin 214kDa (nup214), mRNA 

# Match: XM_010856792.1 PREDICTED: Bison bison bison nucleoporin 214kDa (NUP214), transcript variant X1, mRNA 

# Match: XM_020053419.3 PREDICTED: Esox lucius nucleoporin 214 (nup214), transcript variant X1, mRNA 

# Match: XM_010955880.2 PREDICTED: Camelus bactrianus nucleoporin 214 (NUP214), transcript variant X2, mRNA 

# Match: XM_031450716.1 PREDICTED: Camelus dromedarius nucleoporin 214 (NUP214), transcript variant X1, mRNA 

# Match: XM_023536519.1 PREDICTED: Pteropus vampyrus nucleoporin 214 (NUP214), transcript variant X1, mRNA 

# Match: XM_024787457.1 PREDICTED: Macaca nemestrina nucleoporin 214 (NUP214), mRNA 

# Match: XM_011931188.1 PREDICTED: Colobus angolensis palliatus nucleoporin 214kDa (NUP214), transcript variant X1, mRNA 

# Match: XM_011971141.1 PREDICTED: Mandrillus leucophaeus nucleoporin 214kDa (NUP214), transcript variant X1, mRNA 

# Match: XM_012038803.1 PREDICTED: Cercocebus atys nucleoporin 214kDa (NUP214), transcript variant X1, mRNA 

# Skipping this sequence due to quality issues XP_021529803.1 LOW QUALITY PROTEIN: nuclear pore complex protein Nup214 [Aotus nancymaae]
# Match: XM_012639836.1 PREDICTED: Propithecus coquereli nucleoporin 214kDa (NUP214), transcript variant X2, mRNA 

# Skipping this sequence due to quality issues XP_020145127.1 LOW QUALITY PROTEIN: nuclear pore complex protein Nup214 [Microcebus murinus]
# Match: XM_020289538.1 PREDICTED: Microcebus murinus nucleoporin 214 (NUP214), mRNA 

# Match: XM_031577782.1 PREDICTED: Clupea harengus nucleoporin 214 (nup214), transcript variant X1, mRNA 

# Match: XM_012868962.3 PREDICTED: Fundulus heteroclitus nucleoporin 214 (nup214), transcript variant X1, mRNA 

# Match: XM_013021291.1 PREDICTED: Dipodomys ordii nucleoporin 214kDa (Nup214), mRNA 

# Match: XM_048051800.1 PREDICTED: Anser cygnoides nucleoporin 214 (NUP214), transcript variant X1, mRNA 

# Match: XM_014009373.1 PREDICTED: Austrofundulus limnaeus nucleoporin 214kDa (nup214), transcript variant X1, mRNA 

# Match: XM_014068899.1 PREDICTED: Thamnophis sirtalis nucleoporin 214kDa (NUP214), mRNA 

# Match: XM_014133085.2 PREDICTED: Salmo salar nucleoporin 214 (nup214), transcript variant X1, mRNA 

# Skipping this sequence due to quality issues XP_014718932.1 LOW QUALITY PROTEIN: nuclear pore complex protein Nup214 [Equus asinus]
# Match: XM_014863446.2 PREDICTED: Equus asinus nucleoporin 214 (NUP214), mRNA 

# Match: XM_014873230.1 PREDICTED: Sturnus vulgaris nucleoporin 214kDa (NUP214), transcript variant X1, mRNA 

# Match: XM_014943014.1 PREDICTED: Calidris pugnax nucleoporin 214kDa (NUP214), transcript variant X1, mRNA 

# Match: XM_014999804.1 PREDICTED: Poecilia mexicana nucleoporin 214kDa (nup214), mRNA 

# Match: XM_015055500.1 PREDICTED: Poecilia latipinna nucleoporin 214kDa (nup214), transcript variant X1, mRNA 

# Match: XM_027035408.2 PREDICTED: Acinonyx jubatus nucleoporin 214 (NUP214), transcript variant X1, mRNA 

# Match: XM_015392612.1 PREDICTED: Cyprinodon variegatus nucleoporin 214kDa (nup214), transcript variant X1, mRNA 

# Match: XM_015424259.1 PREDICTED: Gekko japonicus nucleoporin 214kDa (NUP214), mRNA 

# Match: XM_015497426.2 PREDICTED: Marmota marmota marmota nucleoporin 214 (Nup214), transcript variant X2, mRNA 

# Match: XM_015645071.2 PREDICTED: Parus major nucleoporin 214 (NUP214), transcript variant X1, mRNA 

# Match: XM_015879155.2 PREDICTED: Coturnix japonica nucleoporin 214 (NUP214), transcript variant X1, mRNA 

# Match: XM_015942816.2 PREDICTED: Nothobranchius furzeri nucleoporin 214 (nup214), transcript variant X1, mRNA 

# Match: XM_016133847.2 PREDICTED: Rousettus aegyptiacus nucleoporin 214 (NUP214), transcript variant X1, mRNA 

# Match: XM_016196610.1 PREDICTED: Miniopterus natalensis nucleoporin 214kDa (NUP214), mRNA 

# Match: XM_016289145.1 PREDICTED: Sinocyclocheilus grahami nuclear pore complex protein Nup214-like (LOC107597939), transcript variant X1, mRNA 

# Match: XM_016469052.1 PREDICTED: Sinocyclocheilus anshuiensis nuclear pore complex protein Nup214-like (LOC107674911), transcript variant X1, mRNA 

# Match: XM_016554251.1 PREDICTED: Sinocyclocheilus rhinocerous nuclear pore complex protein Nup214-like (LOC107741499), transcript variant X1, mRNA 

# Match: XM_017407835.2 PREDICTED: Kryptolebias marmoratus nucleoporin 214 (nup214), transcript variant X1, mRNA 

# Match: XM_017460138.2 PREDICTED: Ictalurus punctatus nucleoporin 214 (nup214), transcript variant X1, mRNA 

# Match: XM_017499061.2 PREDICTED: Cebus imitator nucleoporin 214 (NUP214), transcript variant X1, mRNA 

# Match: XM_037007352.1 PREDICTED: Manis javanica nucleoporin 214 (NUP214), mRNA 

# Match: XM_017702901.2 PREDICTED: Pygocentrus nattereri nucleoporin 214 (nup214), mRNA 

# Match: XM_017810199.1 PREDICTED: Lepidothrix coronata nucleoporin 214 (NUP214), transcript variant X1, mRNA 

# Match: XM_017849892.1 PREDICTED: Rhinopithecus bieti nucleoporin 214 (NUP214), mRNA 

# Skipping this sequence due to quality issues XP_018418245.1 PREDICTED: LOW QUALITY PROTEIN: nuclear pore complex protein Nup214 [Nanorana parkeri]
# Skipping this sequence due to quality issues XP_018517856.1 LOW QUALITY PROTEIN: nuclear pore complex protein Nup214 [Lates calcarifer]
# Match: XM_018662340.2 PREDICTED: Lates calcarifer nucleoporin 214 (nup214), mRNA 

# Match: XM_029252794.1 PREDICTED: Scleropages formosus nucleoporin 214 (nup214), transcript variant X1, mRNA 

# Match: XM_019420787.2 PREDICTED: Panthera pardus nucleoporin 214 (NUP214), transcript variant X1, mRNA 

# Match: XM_019510690.1 PREDICTED: Gavialis gangeticus nucleoporin 214 (NUP214), transcript variant X1, mRNA 

# Match: XM_019540813.1 PREDICTED: Crocodylus porosus nucleoporin 214 (NUP214), transcript variant X1, mRNA 

# Match: XM_019638539.1 PREDICTED: Hipposideros armiger nucleoporin 214 (NUP214), transcript variant X1, mRNA 

# Match: XM_019890466.1 PREDICTED: Hippocampus comes nucleoporin 214 (nup214), transcript variant X1, mRNA 

# Match: XM_019971033.1 PREDICTED: Bos indicus nucleoporin 214 (NUP214), transcript variant X1, mRNA 

# Match: XM_020081957.1 PREDICTED: Paralichthys olivaceus nucleoporin 214 (nup214), transcript variant X1, mRNA 

# Match: XM_020457347.2 PREDICTED: Oncorhynchus kisutch nuclear pore complex protein Nup214 (LOC109867993), transcript variant X1, mRNA 

# Match: XM_048613548.1 PREDICTED: Rhincodon typus nucleoporin 214 (nup214), transcript variant X1, mRNA 

# Skipping this sequence due to quality issues XP_020456498.1 LOW QUALITY PROTEIN: nuclear pore complex protein Nup214 [Monopterus albus]
# Match: XM_020600842.1 PREDICTED: Monopterus albus nucleoporin 214 (nup214), mRNA 

# Skipping this sequence due to quality issues XP_020494055.2 LOW QUALITY PROTEIN: nuclear pore complex protein Nup214 [Labrus bergylta]
# Match: XM_020638399.2 PREDICTED: Labrus bergylta nucleoporin 214 (nup214), mRNA 

# Match: XM_020794890.1 PREDICTED: Pogona vitticeps nucleoporin 214 (NUP214), transcript variant X1, mRNA 

# Match: XM_020875551.1 PREDICTED: Odocoileus virginianus texanus nucleoporin 214 (NUP214), transcript variant X1, mRNA 

# Skipping this sequence due to quality issues XP_020780769.1 LOW QUALITY PROTEIN: nuclear pore complex protein Nup214 [Boleophthalmus pectinirostris]
# Match: XM_020925110.2 PREDICTED: Boleophthalmus pectinirostris nucleoporin 214 (nup214), mRNA 

# Skipping this sequence due to quality issues XP_020829170.1 LOW QUALITY PROTEIN: nuclear pore complex protein Nup214 [Phascolarctos cinereus]
# Match: XM_020973511.1 PREDICTED: Phascolarctos cinereus nucleoporin 214 (NUP214), mRNA 

# Match: XM_021185394.2 PREDICTED: Mus caroli nucleoporin 214 (Nup214), transcript variant X2, mRNA 

# Match: XM_021193519.2 PREDICTED: Mus pahari nucleoporin 214 (Nup214), mRNA 

# Match: XM_021413569.1 PREDICTED: Numida meleagris nucleoporin 214 (NUP214), transcript variant X1, mRNA 

# Match: XM_021543507.1 PREDICTED: Lonchura striata domestica nucleoporin 214 (NUP214), transcript variant X1, mRNA 

# Match: XM_021602472.2 PREDICTED: Oncorhynchus mykiss nucleoporin 214 (nup214), transcript variant X4, mRNA 

# Match: XM_021654929.1 PREDICTED: Meriones unguiculatus nucleoporin 214 (Nup214), transcript variant X1, mRNA 

# Match: XM_044920505.1 PREDICTED: Neomonachus schauinslandi nucleoporin 214 (NUP214), transcript variant X1, mRNA 

# Match: XM_022204048.2 PREDICTED: Acanthochromis polyacanthus nucleoporin 214 (nup214), mRNA 

# Match: XM_022500410.1 PREDICTED: Enhydra lutris kenyoni nucleoporin 214 (LOC111145520), transcript variant X1, mRNA 

# Match: XM_022578425.2 PREDICTED: Delphinapterus leucas nucleoporin 214 (NUP214), transcript variant X1, mRNA 

# Match: XM_022768051.1 PREDICTED: Seriola dumerili nucleoporin 214 (nup214), transcript variant X1, mRNA 

# Match: XM_023216929.2 PREDICTED: Piliocolobus tephrosceles nucleoporin 214 (NUP214), transcript variant X2, mRNA 

# Match: XM_023283773.3 PREDICTED: Amphiprion ocellaris nucleoporin 214 (nup214), mRNA 

# Match: XM_023419530.1 PREDICTED: Seriola lalandi dorsalis nucleoporin 214 (nup214), transcript variant X1, mRNA 

# Match: XM_023818632.1 PREDICTED: Paramormyrops kingsleyae nucleoporin 214 (nup214), transcript variant X1, mRNA 

# Match: XM_023938209.1 PREDICTED: Cyanistes caeruleus nucleoporin 214 (NUP214), transcript variant X1, mRNA 

# Match: XM_023983975.1 PREDICTED: Salvelinus alpinus nuclear pore complex protein Nup214 (LOC111961585), mRNA 

# Match: XM_026657258.2 PREDICTED: Terrapene carolina triunguis nucleoporin 214 (NUP214), mRNA 

# Match: XM_024298701.2 PREDICTED: Oryzias melastigma nucleoporin 214 (nup214), transcript variant X1, mRNA 

# Skipping this sequence due to quality issues XP_042158241.1 LOW QUALITY PROTEIN: nuclear pore complex protein Nup214 [Oncorhynchus tshawytscha]
# Match: XM_042302307.1 PREDICTED: Oncorhynchus tshawytscha nucleoporin 214 (nup214), mRNA 

# Match: XM_024562058.3 PREDICTED: Desmodus rotundus nucleoporin 214 (NUP214), transcript variant X2, mRNA 

# Match: XM_024762151.1 PREDICTED: Neophocaena asiaeorientalis asiaeorientalis nucleoporin 214 (NUP214), transcript variant X1, mRNA 

# Match: XM_025359240.1 PREDICTED: Theropithecus gelada nucleoporin 214 (NUP214), transcript variant X1, mRNA 

# Match: XM_025475505.3 PREDICTED: Canis lupus dingo nucleoporin 214 (NUP214), transcript variant X1, mRNA 

# Match: XM_025888656.1 PREDICTED: Callorhinus ursinus nucleoporin 214 (NUP214), transcript variant X1, mRNA 

# Match: XM_025913499.1 PREDICTED: Puma concolor nucleoporin 214 (NUP214), mRNA 

# Skipping this sequence due to quality issues XP_025865319.1 LOW QUALITY PROTEIN: nuclear pore complex protein Nup214 [Vulpes vulpes]
# Match: XM_026009534.1 PREDICTED: Vulpes vulpes nucleoporin 214 (NUP214), mRNA 

# Match: XM_026049333.1 PREDICTED: Nothoprocta perdicaria nucleoporin 214 (NUP214), transcript variant X1, mRNA 

# Match: XM_026062146.1 PREDICTED: Apteryx rowi nucleoporin 214 (NUP214), transcript variant X1, mRNA 

# Match: XM_026101800.1 PREDICTED: Dromaius novaehollandiae nucleoporin 214 (NUP214), transcript variant X1, mRNA 

# Match: XM_026173651.1 PREDICTED: Astatotilapia calliptera nucleoporin 214 (nup214), transcript variant X1, mRNA 

# Match: XM_026255466.1 PREDICTED: Carassius auratus nuclear pore complex protein Nup214-like (LOC113086616), transcript variant X1, mRNA 

# Match: XM_026297003.1 PREDICTED: Mastacembelus armatus nucleoporin 214 (nup214), transcript variant X1, mRNA 

# Match: XM_026354746.1 PREDICTED: Anabas testudineus nucleoporin 214 (nup214), mRNA 

# Match: XM_026386470.1 PREDICTED: Urocitellus parryii nucleoporin 214 (Nup214), transcript variant X1, mRNA 

# Match: XM_026514203.3 PREDICTED: Ursus arctos nucleoporin 214 (NUP214), transcript variant X1, mRNA 

# Match: XM_026685730.1 PREDICTED: Notechis scutatus nucleoporin 214 (NUP214), mRNA 

# Match: XM_026712551.1 PREDICTED: Pseudonaja textilis nucleoporin 214 (NUP214), transcript variant X1, mRNA 

# Match: XM_026860665.1 PREDICTED: Athene cunicularia nucleoporin 214 (NUP214), mRNA 

# Match: XM_034300597.2 PREDICTED: Pangasianodon hypophthalmus nucleoporin 214 (nup214), transcript variant X2, mRNA 

# Match: XM_035527488.1 PREDICTED: Electrophorus electricus nucleoporin 214 (nup214), transcript variant X1, mRNA 

# Match: XM_027104488.1 PREDICTED: Lagenorhynchus obliquidens nucleoporin 214 (NUP214), transcript variant X1, mRNA 

# Match: XM_027159432.2 PREDICTED: Tachysurus fulvidraco nucleoporin 214 (nup214), transcript variant X3, mRNA 

# Match: XM_027556593.1 PREDICTED: Bos indicus x Bos taurus nucleoporin 214 (NUP214), transcript variant X1, mRNA 

# Match: XM_027614894.2 PREDICTED: Zalophus californianus nucleoporin 214 (NUP214), transcript variant X1, mRNA 

# Match: XM_027649923.1 PREDICTED: Corapipo altera nucleoporin 214 (NUP214), transcript variant X1, mRNA 

# Match: XM_027687818.1 PREDICTED: Neopelma chrysocephalum nucleoporin 214 (NUP214), transcript variant X1, mRNA 

# Match: XM_027739304.2 PREDICTED: Pipra filicauda nucleoporin 214 (NUP214), transcript variant X1, mRNA 

# Match: XM_027869347.1 PREDICTED: Vombatus ursinus nucleoporin 214 (NUP214), transcript variant X1, mRNA 

# Match: XM_027911660.1 PREDICTED: Empidonax traillii nucleoporin 214 (NUP214), transcript variant X1, mRNA 

# Match: XM_027942761.1 PREDICTED: Marmota flaviventris nucleoporin 214 (Nup214), transcript variant X1, mRNA 

# Match: XM_028025314.1 PREDICTED: Xiphophorus couchianus nucleoporin 214 (nup214), transcript variant X1, mRNA 

# Match: XM_028090579.1 PREDICTED: Eumetopias jubatus nucleoporin 214 (NUP214), transcript variant X1, mRNA 

# Match: XM_028417427.1 PREDICTED: Parambassis ranga nucleoporin 214 (nup214), transcript variant X1, mRNA 

# Match: XM_028462848.1 PREDICTED: Gouania willdenowi nucleoporin 214 (nup214), transcript variant X1, mRNA 

# Match: XM_028516280.2 PREDICTED: Phyllostomus discolor nucleoporin 214 (NUP214), mRNA 

# Match: XM_028601162.1 PREDICTED: Perca flavescens nucleoporin 214 (nup214), transcript variant X1, mRNA 

# Match: XM_028714310.1 PREDICTED: Podarcis muralis nucleoporin 214 (NUP214), transcript variant X1, mRNA 

# Match: XM_028757191.1 PREDICTED: Grammomys surdaster nucleoporin 214 (Nup214), transcript variant X1, mRNA 

# Match: XM_028793027.2 PREDICTED: Erpetoichthys calabaricus nucleoporin 214 (nup214), transcript variant X3, mRNA 

# Match: XM_028884666.2 PREDICTED: Peromyscus leucopus nucleoporin 214 (Nup214), transcript variant X1, mRNA 

# Match: XM_028973301.1 PREDICTED: Denticeps clupeoides nucleoporin 214 (nup214), transcript variant X1, mRNA 

# Match: XM_029169973.3 PREDICTED: Betta splendens nucleoporin 214 (nup214), mRNA 

# Match: XM_029201333.1 PREDICTED: Monodon monoceros nucleoporin 214 (NUP214), transcript variant X1, mRNA 

# Match: XM_029444374.1 PREDICTED: Cottoperca gobio nucleoporin 214 (nup214), transcript variant X1, mRNA 

# Match: XM_029516133.1 PREDICTED: Echeneis naucrates nucleoporin 214 (nup214), transcript variant X1, mRNA 

# Match: XM_029612981.1 PREDICTED: Rhinatrema bivittatum nucleoporin 214 (NUP214), transcript variant X1, mRNA 

# Match: XM_029646036.1 PREDICTED: Oncorhynchus nerka nuclear pore complex protein Nup214-like (LOC115117560), mRNA 

# Match: XM_029709342.1 PREDICTED: Salmo trutta nuclear pore complex protein Nup214-like (LOC115159533), transcript variant X1, mRNA 

# Match: XM_029921055.1 PREDICTED: Suricata suricatta nucleoporin 214 (NUP214), mRNA 

# Match: XM_030000702.2 PREDICTED: Aquila chrysaetos chrysaetos nucleoporin 214 (NUP214), transcript variant X1, mRNA 

# Match: XM_030065096.1 PREDICTED: Myripristis murdjan nucleoporin 214 (nup214), transcript variant X1, mRNA 

# Match: XM_030084637.1 PREDICTED: Salarias fasciatus nucleoporin 214 (nup214), transcript variant X1, mRNA 

# Skipping this sequence due to quality issues XP_030004280.1 LOW QUALITY PROTEIN: nuclear pore complex protein Nup214 [Sphaeramia orbicularis]
# Match: XM_030148420.1 PREDICTED: Sphaeramia orbicularis nucleoporin 214 (nup214), mRNA 

# Match: XM_030207807.1 PREDICTED: Microcaecilia unicolor nucleoporin 214 (NUP214), transcript variant X1, mRNA 

# Match: XM_030294494.1 PREDICTED: Lynx canadensis nucleoporin 214 (NUP214), transcript variant X1, mRNA 

# Match: XM_030342558.1 PREDICTED: Gadus morhua nucleoporin 214 (nup214), transcript variant X4, mRNA 

# Match: XM_030435294.1 PREDICTED: Sparus aurata nucleoporin 214 (nup214), transcript variant X1, mRNA 

# Match: XM_030506989.1 PREDICTED: Strigops habroptila nucleoporin 214 (NUP214), transcript variant X1, mRNA 

# Match: XM_030536064.1 PREDICTED: Gopherus evgoodei nucleoporin 214 (NUP214), transcript variant X1, mRNA 

# Match: XM_030742537.1 PREDICTED: Archocentrus centrarchus nucleoporin 214 (nup214), transcript variant X1, mRNA 

# Match: XM_030838520.1 PREDICTED: Globicephala melas nucleoporin 214 (NUP214), transcript variant X1, mRNA 

# Match: XM_030961399.1 PREDICTED: Camarhynchus parvulus nucleoporin 214 (NUP214), transcript variant X1, mRNA 

# Match: XM_031317577.2 PREDICTED: Sander lucioperca nucleoporin 214 (nup214), transcript variant X1, mRNA 

# Match: XM_031369768.1 PREDICTED: Mastomys coucha nucleoporin 214 (Nup214), transcript variant X1, mRNA 

# Match: XM_031601734.1 PREDICTED: Phasianus colchicus nucleoporin 214 (NUP214), transcript variant X1, mRNA 

# Match: XM_039615143.1 PREDICTED: Oreochromis aureus nucleoporin 214 (nup214), transcript variant X1, mRNA 

# Match: XM_031860390.1 PREDICTED: Anarrhichthys ocellatus nucleoporin 214 (nup214), transcript variant X1, mRNA 

# Match: XM_032130781.1 PREDICTED: Corvus moneduloides nucleoporin 214 (NUP214), transcript variant X1, mRNA 

# Match: XM_032165440.1 PREDICTED: Hylobates moloch nucleoporin 214 (NUP214), transcript variant X1, mRNA 

# Match: XM_032200303.1 PREDICTED: Aythya fuligula nucleoporin 214 (NUP214), mRNA 

# Match: XM_032232728.1 PREDICTED: Thamnophis elegans nucleoporin 214 (NUP214), transcript variant X1, mRNA 

# Match: XM_032257624.1 PREDICTED: Sapajus apella nucleoporin 214 (NUP214), transcript variant X1, mRNA 

# Match: XM_032308153.1 PREDICTED: Mustela erminea nucleoporin 214 (NUP214), transcript variant X1, mRNA 

# Match: XM_032418191.1 PREDICTED: Phoca vitulina nucleoporin 214 (NUP214), transcript variant X1, mRNA 

# Match: XM_032539890.1 PREDICTED: Etheostoma spectabile nucleoporin 214 (nup214), transcript variant X1, mRNA 

# Match: XM_032569708.1 PREDICTED: Xiphophorus hellerii nucleoporin 214 (nup214), transcript variant X1, mRNA 

# Match: XM_032634498.1 PREDICTED: Phocoena sinus nucleoporin 214 (NUP214), transcript variant X1, mRNA 

# Match: XM_032708057.1 PREDICTED: Chiroxiphia lanceolata nucleoporin 214 (NUP214), transcript variant X1, mRNA 

# Match: XM_032797684.1 PREDICTED: Chelonoidis abingdonii nucleoporin 214 (NUP214), transcript variant X1, mRNA 

# Match: XM_032866100.1 PREDICTED: Lontra canadensis nucleoporin 214 (NUP214), transcript variant X1, mRNA 

# Match: XM_032902803.1 PREDICTED: Rattus rattus nucleoporin 214 (Nup214), transcript variant X2, mRNA 

# Match: XM_032973331.1 PREDICTED: Petromyzon marinus nucleoporin 214 (NUP214), transcript variant X1, mRNA 

# Match: XM_033048914.1 PREDICTED: Amblyraja radiata nucleoporin 214 (nup214), transcript variant X1, mRNA 

# Match: XM_033077686.1 PREDICTED: Catharus ustulatus nucleoporin 214 (NUP214), transcript variant X1, mRNA 

# Match: XM_033123094.1 PREDICTED: Rhinolophus ferrumequinum nucleoporin 214 (NUP214), transcript variant X1, mRNA 

# Match: XM_033137052.1 PREDICTED: Lacerta agilis nucleoporin 214 (NUP214), mRNA 

# Match: XM_033194190.1 PREDICTED: Trachypithecus francoisi nucleoporin 214 (NUP214), transcript variant X1, mRNA 

# Skipping this sequence due to quality issues XP_033503163.1 LOW QUALITY PROTEIN: nuclear pore complex protein Nup214 [Epinephelus lanceolatus]
# Match: XM_033647272.1 PREDICTED: Epinephelus lanceolatus nucleoporin 214 (nup214), mRNA 

# Match: XM_033960858.1 PREDICTED: Geotrypetes seraphini nucleoporin 214 (NUP214), transcript variant X1, mRNA 

# Match: XM_033989189.2 PREDICTED: Periophthalmus magnuspinnatus nucleoporin 214 (nup214), transcript variant X1, mRNA 

# Match: XM_034095612.1 PREDICTED: Pseudochaenichthys georgianus nucleoporin 214 (nup214), transcript variant X1, mRNA 

# Skipping this sequence due to quality issues XP_033978959.1 LOW QUALITY PROTEIN: nuclear pore complex protein Nup214 [Trematomus bernacchii]
# Match: XM_034123068.1 PREDICTED: Trematomus bernacchii nucleoporin 214 (nup214), mRNA 

# Skipping this sequence due to quality issues XP_034048115.1 LOW QUALITY PROTEIN: nuclear pore complex protein Nup214 [Thalassophryne amazonica]
# Match: XM_034192224.1 PREDICTED: Thalassophryne amazonica nucleoporin 214 (nup214), mRNA 

# Match: XM_034203485.1 PREDICTED: Gymnodraco acuticeps nucleoporin 214 (nup214), transcript variant X12, mRNA 

# Match: XM_034427115.1 PREDICTED: Pantherophis guttatus nucleoporin 214 (NUP214), transcript variant X1, mRNA 

# Match: XM_034494937.1 PREDICTED: Arvicanthis niloticus nucleoporin 214 (Nup214), transcript variant X1, mRNA 

# Match: XM_034546462.1 PREDICTED: Cyclopterus lumpus nucleoporin 214 (nup214), transcript variant X1, mRNA 

# Match: XM_034602539.1 PREDICTED: Hippoglossus hippoglossus nucleoporin 214 (nup214), transcript variant X1, mRNA 

# Match: XM_034710297.1 PREDICTED: Notolabrus celidotus nucleoporin 214 (nup214), transcript variant X1, mRNA 

# Match: XM_034793840.1 PREDICTED: Trachemys scripta elegans nucleoporin 214 (NUP214), transcript variant X1, mRNA 

# Match: XM_034896469.1 PREDICTED: Etheostoma cragini nucleoporin 214 (nup214), transcript variant X1, mRNA 

# Match: XM_035015597.1 PREDICTED: Mirounga leonina nucleoporin 214 (NUP214), transcript variant X1, mRNA 

# Match: XM_035112650.1 PREDICTED: Zootoca vivipara nucleoporin 214 (NUP214), transcript variant X1, mRNA 

# Match: XM_035141352.2 PREDICTED: Hippoglossus stenolepis nucleoporin 214 (nup214), transcript variant X1, mRNA 

# Match: XM_035341340.1 PREDICTED: Oxyura jamaicensis nucleoporin 214 (NUP214), transcript variant X1, mRNA 

# Match: XM_035391661.1 PREDICTED: Anguilla anguilla nucleoporin 214 (nup214), mRNA 

# Match: XM_035555059.2 PREDICTED: Cygnus atratus nucleoporin 214 (NUP214), transcript variant X1, mRNA 

# Match: XM_035668533.1 PREDICTED: Morone saxatilis nucleoporin 214 (nup214), transcript variant X1, mRNA 

# Match: XM_036117073.1 PREDICTED: Halichoerus grypus nucleoporin 214 (NUP214), transcript variant X1, mRNA 

# Match: XM_036183844.1 PREDICTED: Onychomys torridus nucleoporin 214 (Nup214), transcript variant X1, mRNA 

# Match: XM_036260779.1 PREDICTED: Molossus molossus nucleoporin 214 (NUP214), transcript variant X1, mRNA 

# Match: XM_036329313.1 PREDICTED: Myotis myotis nucleoporin 214 (NUP214), transcript variant X1, mRNA 

# Match: XM_036393964.1 PREDICTED: Molothrus ater nucleoporin 214 (NUP214), transcript variant X1, mRNA 

# Match: XM_036420376.2 PREDICTED: Pipistrellus kuhlii nucleoporin 214 (NUP214), transcript variant X4, mRNA 

# Match: XM_036529984.1 PREDICTED: Megalops cyprinoides nucleoporin 214 (nup214), mRNA 

# Match: XM_036580651.1 PREDICTED: Colossoma macropomum nucleoporin 214 (nup214), mRNA 

# Match: XM_036749435.1 PREDICTED: Trichosurus vulpecula nucleoporin 214 (NUP214), transcript variant X1, mRNA 

# Match: XM_036854675.1 PREDICTED: Balaenoptera musculus nucleoporin 214 (NUP214), transcript variant X1, mRNA 

# Match: XM_036913550.1 PREDICTED: Manis pentadactyla nucleoporin 214 (NUP214), transcript variant X1, mRNA 

# Match: XM_037036394.1 PREDICTED: Sturnira hondurensis nucleoporin 214 (NUP214), transcript variant X1, mRNA 

# Match: XM_037116683.1 PREDICTED: Acanthopagrus latus nucleoporin 214 (nup214), transcript variant X1, mRNA 

# Match: XM_037158519.2 PREDICTED: Artibeus jamaicensis nucleoporin 214 (NUP214), transcript variant X1, mRNA 

# Match: XM_037266271.1 PREDICTED: Syngnathus acus nucleoporin 214 (nup214), transcript variant X1, mRNA 

# Match: XM_037399830.1 PREDICTED: Falco rusticolus nucleoporin 214 (NUP214), transcript variant X1, mRNA 

# Match: XM_037485053.1 PREDICTED: Pungitius pungitius nucleoporin 214 (nup214), transcript variant X1, mRNA 

# Match: XM_037492902.2 PREDICTED: Talpa occidentalis nucleoporin 214 (NUP214), transcript variant X1, mRNA 

# Match: XM_037692501.1 PREDICTED: Nematolebias whitei nucleoporin 214 (nup214), mRNA 

# Match: XM_037752447.1 PREDICTED: Sebastes umbrosus nucleoporin 214 (nup214), transcript variant X1, mRNA 

# Skipping this sequence due to quality issues XP_037654406.1 LOW QUALITY PROTEIN: nuclear pore complex protein Nup214 [Choloepus didactylus]
# Match: XM_037798478.1 PREDICTED: Choloepus didactylus nucleoporin 214 (NUP214), mRNA 

# Match: XM_038156473.1 PREDICTED: Motacilla alba alba nucleoporin 214 (NUP214), transcript variant X1, mRNA 

# Match: XM_038294931.1 PREDICTED: Cyprinodon tularosa nucleoporin 214 (nup214), transcript variant X1, mRNA 

# Match: XM_038336347.2 PREDICTED: Arvicola amphibius nucleoporin 214 (Nup214), transcript variant X1, mRNA 

# Match: XM_038374392.2 PREDICTED: Dermochelys coriacea nucleoporin 214 (NUP214), transcript variant X1, mRNA 

# Match: XM_038733442.1 PREDICTED: Micropterus salmoides nucleoporin 214 (nup214), transcript variant X1, mRNA 

# Match: XM_038744806.1 PREDICTED: Tachyglossus aculeatus nucleoporin 214 (NUP214), transcript variant X1, mRNA 

# Match: XM_038781701.1 PREDICTED: Scyliorhinus canicula nucleoporin 214 (nup214), transcript variant X1, mRNA 

# Match: XM_038970306.1 PREDICTED: Salvelinus namaycush nucleoporin 214 (nup214), mRNA 

# Match: XM_039229502.1 PREDICTED: Hyaena hyaena nucleoporin 214 (NUP214), transcript variant X1, mRNA 

# Match: XM_039345171.1 PREDICTED: Crotalus tigris nucleoporin 214 (NUP214), mRNA 

# Match: XM_039506511.1 PREDICTED: Mauremys reevesii nucleoporin 214 (NUP214), transcript variant X1, mRNA 

# Match: XM_039661881.1 PREDICTED: Pimephales promelas nucleoporin 214 (nup214), transcript variant X1, mRNA 

# Match: XM_039720147.1 PREDICTED: Passer montanus nucleoporin 214 (NUP214), transcript variant X1, mRNA 

# Match: XM_039764390.1 PREDICTED: Polypterus senegalus nucleoporin 214 (nup214), transcript variant X1, mRNA 

# Match: XM_039780595.1 PREDICTED: Perca fluviatilis nucleoporin 214 (nup214), transcript variant X1, mRNA 

# Match: XM_039862878.1 PREDICTED: Pteropus giganteus nucleoporin 214 (NUP214), transcript variant X1, mRNA 

# Match: XM_040053291.1 PREDICTED: Simochromis diagramma nucleoporin 214 (nup214), transcript variant X1, mRNA 

# Match: XM_040083335.1 PREDICTED: Hirundo rustica nucleoporin 214 (NUP214), transcript variant X1, mRNA 

# Match: XM_040157349.1 PREDICTED: Xiphias gladius nucleoporin 214 (nup214), transcript variant X1, mRNA 

# Skipping this sequence due to quality issues XP_040053783.1 LOW QUALITY PROTEIN: nuclear pore complex protein Nup214 [Gasterosteus aculeatus aculeatus]
# Match: XM_040197849.1 PREDICTED: Gasterosteus aculeatus aculeatus nucleoporin 214 (nup214), mRNA 

# Match: XM_040225408.1 PREDICTED: Oryx dammah nucleoporin 214 (NUP214), transcript variant X1, mRNA 

# Match: XM_040353063.1 PREDICTED: Rana temporaria nucleoporin 214 (NUP214), transcript variant X1, mRNA 

# Match: XM_040442084.1 PREDICTED: Bufo bufo nucleoporin 214 (NUP214), transcript variant X1, mRNA 

# Match: XM_040482665.1 PREDICTED: Puma yagouaroundi nucleoporin 214 (NUP214), mRNA 

# Match: XM_040531496.1 PREDICTED: Cygnus olor nucleoporin 214 (NUP214), transcript variant X1, mRNA 

# Match: XM_040606349.1 PREDICTED: Falco naumanni nucleoporin 214 (NUP214), transcript variant X1, mRNA 

# Match: XM_040963838.1 PREDICTED: Ochotona curzoniae nucleoporin 214 (NUP214), transcript variant X1, mRNA 

# Match: XM_041194465.1 PREDICTED: Carcharodon carcharias nucleoporin 214 (nup214), mRNA 

# Match: XM_041242744.1 PREDICTED: Polyodon spathula nucleoporin 214 (nup214), mRNA 

# Match: XM_041406678.1 PREDICTED: Onychostruthus taczanowskii nucleoporin 214 (NUP214), transcript variant X1, mRNA 

# Match: XM_041474845.1 PREDICTED: Pyrgilauda ruficollis nucleoporin 214 (NUP214), transcript variant X1, mRNA 

# Match: XM_041674541.1 PREDICTED: Microtus oregoni nucleoporin 214 (Nup214), transcript variant X1, mRNA 

# Match: XM_041724983.1 PREDICTED: Vulpes lagopus nucleoporin 214 (NUP214), transcript variant X1, mRNA 

# Match: XM_041811120.1 PREDICTED: Cheilinus undulatus nucleoporin 214 (nup214), mRNA 

# Match: XM_041960620.1 PREDICTED: Chelmon rostratus nucleoporin 214 (nup214), transcript variant X1, mRNA 

# Match: XM_041969906.1 PREDICTED: Melanotaenia boesemani nucleoporin 214 (nup214), transcript variant X1, mRNA 

# Match: XM_042052370.1 PREDICTED: Corvus kubaryi nucleoporin 214 (NUP214), transcript variant X1, mRNA 

# Skipping this sequence due to quality issues XP_041914802.1 LOW QUALITY PROTEIN: nuclear pore complex protein Nup214 [Alosa sapidissima]
# Match: XM_042058868.1 PREDICTED: Alosa sapidissima nucleoporin 214 (nup214), mRNA 

# Match: XM_042396059.1 PREDICTED: Thunnus maccoyii nucleoporin 214 (nup214), transcript variant X1, mRNA 

# Skipping this sequence due to quality issues XP_042334849.1 LOW QUALITY PROTEIN: nuclear pore complex protein Nup214 [Sceloporus undulatus]
# Match: XM_042478915.1 PREDICTED: Sceloporus undulatus nucleoporin 214 (NUP214), mRNA 

# Match: XM_042508899.1 PREDICTED: Plectropomus leopardus nucleoporin 214 (nup214), transcript variant X1, mRNA 

# Match: XM_042681123.1 PREDICTED: Dipodomys spectabilis nucleoporin 214 (Nup214), transcript variant X1, mRNA 

# Match: XM_042830552.1 PREDICTED: Centrocercus urophasianus nucleoporin 214 (NUP214), transcript variant X1, mRNA 

# Match: XM_042879377.1 PREDICTED: Lagopus leucura nucleoporin 214 (NUP214), mRNA 

# Match: XM_042913514.1 PREDICTED: Panthera leo nucleoporin 214 (NUP214), transcript variant X1, mRNA 

# Match: XM_043239514.1 PREDICTED: Puntigrus tetrazona nucleoporin 214 (nup214), transcript variant X1, mRNA 

# Match: XM_043469868.1 PREDICTED: Cervus canadensis nucleoporin 214 (NUP214), transcript variant X1, mRNA 

# Match: XM_043565657.1 PREDICTED: Prionailurus bengalensis nucleoporin 214 (NUP214), transcript variant X1, mRNA 

# Match: XM_043719712.1 PREDICTED: Chiloscyllium plagiosum nucleoporin 214 (nup214), mRNA 

# Match: XM_043916573.1 PREDICTED: Cervus elaphus nucleoporin 214 (NUP214), transcript variant X1, mRNA 

# Skipping this sequence due to quality issues XP_043842185.1 LOW QUALITY PROTEIN: nuclear pore complex protein Nup214 [Dromiciops gliroides]
# Match: XM_043986250.1 PREDICTED: Dromiciops gliroides nucleoporin 214 (NUP214), mRNA 

# Match: XM_044058190.1 PREDICTED: Protopterus annectens nucleoporin 214 (NUP214), mRNA 

# Match: XM_044096552.1 PREDICTED: Gambusia affinis nucleoporin 214 (nup214), transcript variant X1, mRNA 

# Match: XM_044173057.1 PREDICTED: Siniperca chuatsi nucleoporin 214 (nup214), transcript variant X1, mRNA 

# Match: XM_044269180.1 PREDICTED: Bufo gargarizans nucleoporin 214 (NUP214), transcript variant X1, mRNA 

# Match: XM_044333824.1 PREDICTED: Thunnus albacares nucleoporin 214 (nup214), transcript variant X1, mRNA 

# Match: XM_044439935.1 PREDICTED: Varanus komodoensis nucleoporin 214 (NUP214), transcript variant X1, mRNA 

# Match: XM_044663974.1 PREDICTED: Gracilinanus agilis nucleoporin 214 (NUP214), mRNA 

# Match: XM_044992687.1 PREDICTED: Mauremys mutica nucleoporin 214 (NUP214), transcript variant X1, mRNA 

# Match: XM_045468586.1 PREDICTED: Leopardus geoffroyi nucleoporin 214 (NUP214), transcript variant X1, mRNA 

# Match: XM_045563717.1 PREDICTED: Lemur catta nucleoporin 214 (NUP214), transcript variant X1, mRNA 

# Skipping this sequence due to quality issues XP_045627247.1 LOW QUALITY PROTEIN: nuclear pore complex protein Nup214 [Ursus americanus]
# Match: XM_045771291.1 PREDICTED: Ursus americanus nucleoporin 214 (NUP214), mRNA 

# Match: XM_045845882.1 PREDICTED: Phyllostomus hastatus nucleoporin 214 (NUP214), transcript variant X1, mRNA 

# Match: XM_045883360.2 PREDICTED: Mirounga angustirostris nucleoporin 214 (NUP214), transcript variant X1, mRNA 

# Match: XM_046022012.1 PREDICTED: Meles meles nucleoporin 214 (NUP214), transcript variant X1, mRNA 

# Match: XM_046066018.1 PREDICTED: Micropterus dolomieu nucleoporin 214 (nup214), transcript variant X1, mRNA 

# Match: XM_046376060.1 PREDICTED: Scatophagus argus nucleoporin 214 (nup214), transcript variant X1, mRNA 

# Match: XM_046451514.1 PREDICTED: Marmota monax nucleoporin 214 (Nup214), transcript variant X1, mRNA 

# Match: XM_046667207.1 PREDICTED: Equus quagga nucleoporin 214 (NUP214), transcript variant X1, mRNA 

# Skipping this sequence due to quality issues XP_046695680.1 LOW QUALITY PROTEIN: nuclear pore complex protein Nup214 [Silurus meridionalis]
# Match: XM_046839724.1 PREDICTED: Silurus meridionalis nucleoporin 214 (nup214), mRNA 

# Match: XM_047018075.1 PREDICTED: Hypomesus transpacificus nucleoporin 214 (nup214), transcript variant X1, mRNA 

# Match: XM_047098196.1 PREDICTED: Lynx rufus nucleoporin 214 (NUP214), transcript variant X1, mRNA 

# Match: XM_047372207.1 PREDICTED: Girardinichthys multiradiatus nucleoporin 214 (nup214), transcript variant X1, mRNA 

# Match: XM_047524283.1 PREDICTED: Sciurus carolinensis nucleoporin 214 (Nup214), transcript variant X1, mRNA 

# Skipping this sequence due to quality issues XP_047426028.1 LOW QUALITY PROTEIN: nuclear pore complex protein Nup214 [Mugil cephalus]
# Match: XM_047570072.1 PREDICTED: Mugil cephalus nucleoporin 214 (nup214), mRNA 

# Match: XM_047698766.1 PREDICTED: Lutra lutra nucleoporin 214 (NUP214), transcript variant X1, mRNA 

# Match: XM_047768718.1 PREDICTED: Phacochoerus africanus nucleoporin 214 (NUP214), transcript variant X1, mRNA 

# Match: XM_047828927.1 PREDICTED: Prionailurus viverrinus nucleoporin 214 (NUP214), transcript variant X1, mRNA 

# Skipping this sequence due to quality issues XP_048045852.1 LOW QUALITY PROTEIN: nuclear pore complex protein Nup214 [Megalobrama amblycephala]
# Skipping this sequence due to quality issues XP_048115233.1 LOW QUALITY PROTEIN: nuclear pore complex protein Nup214 [Alosa alosa]
# Match: XM_048259276.1 PREDICTED: Alosa alosa nucleoporin 214 (nup214), mRNA 

# Match: XM_048325534.1 PREDICTED: Corvus hawaiiensis nucleoporin 214 (NUP214), transcript variant X1, mRNA 

# Match: XM_048345119.1 PREDICTED: Perognathus longimembris pacificus nucleoporin 214 (Nup214), transcript variant X1, mRNA 

# Match: XM_048432047.1 PREDICTED: Myodes glareolus nucleoporin 214 (Nup214), transcript variant X1, mRNA 

# Match: XM_048512150.1 PREDICTED: Sphaerodactylus townsendi nucleoporin 214 (NUP214), mRNA 

# Match: XM_048559141.1 PREDICTED: Stegostoma fasciatum nucleoporin 214 (nup214), transcript variant X1, mRNA 

# Match: XM_048822631.1 PREDICTED: Caretta caretta nucleoporin 214 (NUP214), transcript variant X1, mRNA 

# Match: XM_048965793.1 PREDICTED: Lagopus muta nucleoporin 214 (NUP214), transcript variant X1, mRNA 

# Match: XM_049019682.1 PREDICTED: Brienomyrus brachyistius nucleoporin 214 (nup214), transcript variant X1, mRNA 

# Match: XM_049603883.1 PREDICTED: Epinephelus fuscoguttatus nucleoporin 214 (nup214), transcript variant X1, mRNA 

# Match: XM_049630369.1 PREDICTED: Panthera uncia nucleoporin 214 (NUP214), transcript variant X1, mRNA 

# Match: XM_049737984.1 PREDICTED: Syngnathus scovelli nucleoporin 214 (nup214), mRNA 

# Match: XM_049772815.1 PREDICTED: Suncus etruscus nucleoporin 214 (NUP214), mRNA 

# Match: XM_049832130.1 PREDICTED: Accipiter gentilis nucleoporin 214 (NUP214), transcript variant X1, mRNA 

# Match: XM_049895296.1 PREDICTED: Elephas maximus indicus nucleoporin 214 (NUP214), transcript variant X1, mRNA 

# Match: XM_050155361.1 PREDICTED: Microtus fortis nucleoporin 214 (Nup214), transcript variant X1, mRNA 

# Match: XM_050320148.1 PREDICTED: Myiozetetes cayanensis nucleoporin 214 (NUP214), transcript variant X1, mRNA 

# Match: XM_050759700.1 PREDICTED: Macaca thibetana thibetana nucleoporin 214 (NUP214), transcript variant X1, mRNA 

# Match: XM_050907822.1 PREDICTED: Gymnogyps californianus nucleoporin 214 (NUP214), mRNA 

# Match: XM_050926080.1 PREDICTED: Gopherus flavomarginatus nucleoporin 214 (NUP214), transcript variant X1, mRNA 

# Match: XM_051110066.1 PREDICTED: Labeo rohita nucleoporin 214 (nup214), transcript variant X1, mRNA 

# Skipping this sequence due to quality issues XP_051023152.1 LOW QUALITY PROTEIN: nuclear pore complex protein Nup214 [Acomys russatus]
# Match: XM_051167195.1 PREDICTED: Acomys russatus nucleoporin 214 (Nup214), mRNA 

# Match: XM_051185142.1 PREDICTED: Phodopus roborovskii nucleoporin 214 (Nup214), transcript variant X1, mRNA 

# Match: XM_051411593.1 PREDICTED: Dicentrarchus labrax nucleoporin 214 (nup214), transcript variant X1, mRNA 

# Match: XM_051636584.1 PREDICTED: Apus apus nucleoporin 214 (NUP214), transcript variant X1, mRNA 

# Match: XM_051688930.1 PREDICTED: Myxocyprinus asiaticus nucleoporin 214 (nup214), transcript variant X1, mRNA 

# Match: XM_051807803.1 PREDICTED: Manacus candei nucleoporin 214 (NUP214), transcript variant X1, mRNA 

# Match: XM_051894733.1 PREDICTED: Ctenopharyngodon idella nucleoporin 214 (nup214), mRNA 

# Match: XM_051980212.1 PREDICTED: Antechinus flavipes nucleoporin 214 (NUP214), transcript variant X1, mRNA 

# Match: XM_052037469.1 PREDICTED: Pristis pectinata nucleoporin 214 (nup214), mRNA 

# Match: XM_052050366.1 PREDICTED: Hippocampus zosterae nucleoporin 214 (nup214), transcript variant X1, mRNA 

# Match: XM_052115632.1 PREDICTED: Xyrauchen texanus nucleoporin 214 (nup214), transcript variant X1, mRNA 

# Match: XM_052182142.1 PREDICTED: Apodemus sylvaticus nucleoporin 214 (Nup214), transcript variant X1, mRNA 

# Match: XM_052591666.1 PREDICTED: Carassius gibelio nucleoporin 214 (nup214), transcript variant X1, mRNA 

# Match: XM_052647937.1 PREDICTED: Budorcas taxicolor nucleoporin 214 (NUP214), transcript variant X1, mRNA 

# Match: XM_052669167.1 PREDICTED: Tympanuchus pallidicinctus nucleoporin 214 (NUP214), transcript variant X1, mRNA 

# Match: XM_052722601.1 PREDICTED: Peromyscus californicus insignis nucleoporin 214 (Nup214), transcript variant X1, mRNA 

# Match: XM_052816015.1 PREDICTED: Harpia harpyja nucleoporin 214 (NUP214), transcript variant X1, mRNA 

# Match: XM_053282155.1 PREDICTED: Hemicordylus capensis nucleoporin 214 (NUP214), transcript variant X1, mRNA 

# Match: XM_053340284.1 PREDICTED: Scomber japonicus nucleoporin 214 (nup214), mRNA 

# Match: XM_053373343.1 PREDICTED: Podarcis raffonei nucleoporin 214 (NUP214), transcript variant X1, mRNA 

# Match: XM_053410781.1 PREDICTED: Pleuronectes platessa nucleoporin 214 (nup214), transcript variant X1, mRNA 

# Match: XM_053473291.1 PREDICTED: Spea bombifrons nucleoporin 214 (NUP214), mRNA 

# Match: XM_053485896.1 PREDICTED: Clarias gariepinus nucleoporin 214 (nup214), transcript variant X1, mRNA 

# Match: XM_053559302.1 PREDICTED: Nycticebus coucang nucleoporin 214 (NUP214), transcript variant X1, mRNA 

# Match: XM_053618586.1 PREDICTED: Ictalurus furcatus nucleoporin 214 (nup214), mRNA 

# Match: XM_053695786.1 PREDICTED: Bombina bombina nucleoporin 214 (NUP214), transcript variant X1, mRNA 

# Match: XM_053874182.1 PREDICTED: Synchiropus splendidus nucleoporin 214 (nup214), mRNA 

# Match: XM_053962209.1 PREDICTED: Vidua chalybeata nucleoporin 214 (NUP214), transcript variant X1, mRNA 

# Match: XM_053996505.1 PREDICTED: Vidua macroura nucleoporin 214 (NUP214), transcript variant X1, mRNA 

# Match: XM_054007455.1 PREDICTED: Malaclemys terrapin pileata nucleoporin 214 (NUP214), transcript variant X1, mRNA 

# Match: XM_054221025.1 PREDICTED: Rissa tridactyla nucleoporin 214 (NUP214), transcript variant X5, mRNA 

# Match: XM_054284217.1 PREDICTED: Melozone crissalis nucleoporin 214 (NUP214), transcript variant X1, mRNA 

# Match: XM_054393636.1 PREDICTED: Indicator indicator nucleoporin 214 (NUP214), mRNA 

# Match: XM_054500209.1 PREDICTED: Pongo pygmaeus nucleoporin 214 (NUP214), transcript variant X1, mRNA 

# Match: XM_054584213.1 PREDICTED: Pteronotus parnellii mesoamericanus nucleoporin 214 (NUP214), transcript variant X1, mRNA 

# Match: XM_054612448.1 PREDICTED: Anoplopoma fimbria nucleoporin 214 (nup214), transcript variant X1, mRNA 

# Match: XM_054646579.1 PREDICTED: Agelaius phoeniceus nucleoporin 214 (NUP214), transcript variant X1, mRNA 

# Match: XM_054757530.1 PREDICTED: Dunckerocampus dactyliophorus nucleoporin 214 (nup214), mRNA 

# Match: XM_054848297.1 PREDICTED: Grus americana nucleoporin 214 (NUP214), transcript variant X1, mRNA 

# Match: XM_054997973.1 PREDICTED: Eublepharis macularius nucleoporin 214 (NUP214), transcript variant X1, mRNA 

--- The following had no matches
XP_021529803.1 LOW QUALITY PROTEIN: nuclear pore complex protein Nup214 [Aotus nancymaae]
XP_013805158.1 PREDICTED: nuclear pore complex protein Nup214 [Apteryx mantelli mantelli]
XP_018418245.1 PREDICTED: LOW QUALITY PROTEIN: nuclear pore complex protein Nup214 [Nanorana parkeri]
XP_044120599.1 nuclear pore complex protein Nup214 isoform X1 [Neogale vison]
XP_048045852.1 LOW QUALITY PROTEIN: nuclear pore complex protein Nup214 [Megalobrama amblycephala]
XP_054896045.1 nuclear pore complex protein Nup214 [Poeciliopsis prolifica]
XP_055056239.1 nuclear pore complex protein Nup214 isoform X1 [Misgurnus anguillicaudatus]
XP_055126612.1 nuclear pore complex protein Nup214 isoform X1 [Symphalangus syndactylus]
XP_055172519.1 nuclear pore complex protein Nup214 isoform X1 [Nyctereutes procyonoides]
XP_055255155.1 nuclear pore complex protein Nup214 isoform X1 [Moschus berezovskii]
XP_055397396.1 nuclear pore complex protein Nup214 isoform X1 [Bubalus carabanensis]
XP_055456159.1 nuclear pore complex protein Nup214 isoform X1 [Psammomys obesus]
XP_055516168.1 nuclear pore complex protein Nup214 [Leucoraja erinacea]
XP_055730375.1 nuclear pore complex protein Nup214 isoform X1 [Salvelinus fontinalis]
XP_055964816.1 nuclear pore complex protein Nup214 isoform X1 [Sorex cinereus]
XP_056099785.1 nuclear pore complex protein Nup214 [Rhinichthys klamathensis goyatoka]
XP_056146482.1 nuclear pore complex protein Nup214 [Lampris incognitus]
XP_056207717.1 nuclear pore complex protein Nup214 isoform X1 [Falco biarmicus]
XP_056259775.1 nuclear pore complex protein Nup214 isoform X1 [Seriola aureovittata]
XP_056289330.1 nuclear pore complex protein Nup214 isoform X1 [Pseudoliparis swirei]
XP_056314857.1 nuclear pore complex protein Nup214 isoform X1 [Danio aesculapii]
XP_056361378.1 nuclear pore complex protein Nup214 isoform X1 [Oenanthe melanoleuca]
